<?xml version="1.0" encoding="utf-8"?>
<coverage line-rate="0.7924" branch-rate="0.7037" version="1.9" timestamp="1740785999" lines-covered="794" lines-valid="1002" branches-covered="247" branches-valid="351">
  <sources>
    <source>/Users/tristan/projects/btms-gateway/BtmsGateway/</source>
  </sources>
  <packages>
    <package name="BtmsGateway" line-rate="0.7924" branch-rate="0.7037" complexity="479">
      <classes>
        <class name="Program/&lt;&lt;Main&gt;$&gt;d__0" filename="Program.cs" line-rate="0" branch-rate="1" complexity="1">
          <methods>
            <method name="MoveNext" signature="()" line-rate="0" branch-rate="1" complexity="1">
              <lines>
                <line number="14" hits="0" branch="False" />
                <line number="15" hits="0" branch="False" />
              </lines>
            </method>
          </methods>
          <lines>
            <line number="14" hits="0" branch="False" />
            <line number="15" hits="0" branch="False" />
          </lines>
        </class>
        <class name="System.Text.RegularExpressions.Generated.&lt;RegexGenerator_g&gt;F51F437EDEFB64A98900256A5CBDA84B9ADB4D279B7B7AABD35BADA045497678C__RegexChed_0" filename="obj/Debug/net8.0/System.Text.RegularExpressions.Generator/System.Text.RegularExpressions.Generator.RegexGenerator/RegexGenerator.g.cs" line-rate="1" branch-rate="1" complexity="2">
          <methods>
            <method name=".ctor" signature="()" line-rate="1" branch-rate="1" complexity="1">
              <lines>
                <line number="65" hits="1" branch="False" />
                <line number="66" hits="1" branch="False" />
                <line number="67" hits="1" branch="False" />
                <line number="68" hits="1" branch="False" />
                <line number="69" hits="1" branch="False" />
                <line number="70" hits="1" branch="False" />
                <line number="71" hits="1" branch="False" />
                <line number="72" hits="1" branch="False" />
                <line number="73" hits="1" branch="False" />
              </lines>
            </method>
            <method name=".cctor" signature="()" line-rate="1" branch-rate="1" complexity="1">
              <lines>
                <line number="62" hits="1" branch="False" />
              </lines>
            </method>
          </methods>
          <lines>
            <line number="65" hits="1" branch="False" />
            <line number="66" hits="1" branch="False" />
            <line number="67" hits="1" branch="False" />
            <line number="68" hits="1" branch="False" />
            <line number="69" hits="1" branch="False" />
            <line number="70" hits="1" branch="False" />
            <line number="71" hits="1" branch="False" />
            <line number="72" hits="1" branch="False" />
            <line number="73" hits="1" branch="False" />
            <line number="62" hits="1" branch="False" />
          </lines>
        </class>
        <class name="System.Text.RegularExpressions.Generated.&lt;RegexGenerator_g&gt;F51F437EDEFB64A98900256A5CBDA84B9ADB4D279B7B7AABD35BADA045497678C__RegexChed_0/RunnerFactory" filename="obj/Debug/net8.0/System.Text.RegularExpressions.Generator/System.Text.RegularExpressions.Generator.RegexGenerator/RegexGenerator.g.cs" line-rate="1" branch-rate="1" complexity="1">
          <methods>
            <method name="CreateInstance" signature="()" line-rate="1" branch-rate="1" complexity="1">
              <lines>
                <line number="79" hits="1" branch="False" />
              </lines>
            </method>
          </methods>
          <lines>
            <line number="79" hits="1" branch="False" />
          </lines>
        </class>
        <class name="System.Text.RegularExpressions.Generated.&lt;RegexGenerator_g&gt;F51F437EDEFB64A98900256A5CBDA84B9ADB4D279B7B7AABD35BADA045497678C__RegexChed_0/RunnerFactory/Runner" filename="obj/Debug/net8.0/System.Text.RegularExpressions.Generator/System.Text.RegularExpressions.Generator.RegexGenerator/RegexGenerator.g.cs" line-rate="0.7142000000000001" branch-rate="0.6111" complexity="18">
          <methods>
            <method name="Scan" signature="(System.ReadOnlySpan`1&lt;System.Char&gt;)" line-rate="0.41659999999999997" branch-rate="0.5" complexity="8">
              <lines>
                <line number="87" hits="88" branch="False" />
                <line number="89" hits="88" branch="True" condition-coverage="66.66% (4/6)">
                  <conditions>
                    <condition number="78" type="jump" coverage="50%" />
                    <condition number="44" type="jump" coverage="100%" />
                    <condition number="53" type="jump" coverage="50%" />
                  </conditions>
                </line>
                <line number="90" hits="88" branch="False" />
                <line number="91" hits="88" branch="False" />
                <line number="92" hits="0" branch="False" />
                <line number="93" hits="0" branch="False" />
                <line number="94" hits="0" branch="True" condition-coverage="0% (0/2)">
                  <conditions>
                    <condition number="25" type="jump" coverage="0%" />
                  </conditions>
                </line>
                <line number="95" hits="0" branch="False" />
                <line number="96" hits="0" branch="False" />
                <line number="97" hits="0" branch="False" />
                <line number="98" hits="0" branch="False" />
                <line number="99" hits="88" branch="False" />
              </lines>
            </method>
            <method name="TryFindNextPossibleStartingPosition" signature="(System.ReadOnlySpan`1&lt;System.Char&gt;)" line-rate="1" branch-rate="1" complexity="4">
              <lines>
                <line number="105" hits="88" branch="False" />
                <line number="106" hits="88" branch="False" />
                <line number="109" hits="88" branch="True" condition-coverage="100% (2/2)">
                  <conditions>
                    <condition number="25" type="jump" coverage="100%" />
                  </conditions>
                </line>
                <line number="110" hits="88" branch="False" />
                <line number="113" hits="88" branch="False" />
                <line number="114" hits="88" branch="True" condition-coverage="100% (2/2)">
                  <conditions>
                    <condition number="61" type="jump" coverage="100%" />
                  </conditions>
                </line>
                <line number="115" hits="1" branch="False" />
                <line number="116" hits="1" branch="False" />
                <line number="117" hits="1" branch="False" />
                <line number="119" hits="87" branch="False" />
                <line number="122" hits="87" branch="False" />
                <line number="123" hits="87" branch="False" />
                <line number="124" hits="88" branch="False" />
              </lines>
            </method>
            <method name="TryMatchAtCurrentPosition" signature="(System.ReadOnlySpan`1&lt;System.Char&gt;)" line-rate="0.7082999999999999" branch-rate="0.5" complexity="6">
              <lines>
                <line number="130" hits="1" branch="False" />
                <line number="131" hits="1" branch="False" />
                <line number="132" hits="1" branch="False" />
                <line number="133" hits="1" branch="False" />
                <line number="136" hits="1" branch="True" condition-coverage="50% (1/2)">
                  <conditions>
                    <condition number="40" type="jump" coverage="50%" />
                  </conditions>
                </line>
                <line number="137" hits="0" branch="False" />
                <line number="138" hits="0" branch="False" />
                <line number="142" hits="1" branch="False" />
                <line number="143" hits="1" branch="False" />
                <line number="144" hits="1" branch="True" condition-coverage="50% (1/2)">
                  <conditions>
                    <condition number="77" type="jump" coverage="50%" />
                  </conditions>
                </line>
                <line number="145" hits="0" branch="False" />
                <line number="146" hits="0" branch="False" />
                <line number="147" hits="0" branch="False" />
                <line number="149" hits="1" branch="True" condition-coverage="50% (1/2)">
                  <conditions>
                    <condition number="101" type="jump" coverage="50%" />
                  </conditions>
                </line>
                <line number="150" hits="0" branch="False" />
                <line number="151" hits="0" branch="False" />
                <line number="154" hits="1" branch="False" />
                <line number="155" hits="1" branch="False" />
                <line number="156" hits="1" branch="False" />
                <line number="159" hits="1" branch="False" />
                <line number="160" hits="1" branch="False" />
                <line number="161" hits="1" branch="False" />
                <line number="162" hits="1" branch="False" />
                <line number="163" hits="1" branch="False" />
              </lines>
            </method>
          </methods>
          <lines>
            <line number="87" hits="88" branch="False" />
            <line number="89" hits="88" branch="True" condition-coverage="66.66% (4/6)">
              <conditions>
                <condition number="78" type="jump" coverage="50%" />
                <condition number="44" type="jump" coverage="100%" />
                <condition number="53" type="jump" coverage="50%" />
              </conditions>
            </line>
            <line number="90" hits="88" branch="False" />
            <line number="91" hits="88" branch="False" />
            <line number="92" hits="0" branch="False" />
            <line number="93" hits="0" branch="False" />
            <line number="94" hits="0" branch="True" condition-coverage="0% (0/2)">
              <conditions>
                <condition number="25" type="jump" coverage="0%" />
              </conditions>
            </line>
            <line number="95" hits="0" branch="False" />
            <line number="96" hits="0" branch="False" />
            <line number="97" hits="0" branch="False" />
            <line number="98" hits="0" branch="False" />
            <line number="99" hits="88" branch="False" />
            <line number="105" hits="88" branch="False" />
            <line number="106" hits="88" branch="False" />
            <line number="109" hits="88" branch="True" condition-coverage="100% (2/2)">
              <conditions>
                <condition number="25" type="jump" coverage="100%" />
              </conditions>
            </line>
            <line number="110" hits="88" branch="False" />
            <line number="113" hits="88" branch="False" />
            <line number="114" hits="88" branch="True" condition-coverage="100% (2/2)">
              <conditions>
                <condition number="61" type="jump" coverage="100%" />
              </conditions>
            </line>
            <line number="115" hits="1" branch="False" />
            <line number="116" hits="1" branch="False" />
            <line number="117" hits="1" branch="False" />
            <line number="119" hits="87" branch="False" />
            <line number="122" hits="87" branch="False" />
            <line number="123" hits="87" branch="False" />
            <line number="124" hits="88" branch="False" />
            <line number="130" hits="1" branch="False" />
            <line number="131" hits="1" branch="False" />
            <line number="132" hits="1" branch="False" />
            <line number="133" hits="1" branch="False" />
            <line number="136" hits="1" branch="True" condition-coverage="50% (1/2)">
              <conditions>
                <condition number="40" type="jump" coverage="50%" />
              </conditions>
            </line>
            <line number="137" hits="0" branch="False" />
            <line number="138" hits="0" branch="False" />
            <line number="142" hits="1" branch="False" />
            <line number="143" hits="1" branch="False" />
            <line number="144" hits="1" branch="True" condition-coverage="50% (1/2)">
              <conditions>
                <condition number="77" type="jump" coverage="50%" />
              </conditions>
            </line>
            <line number="145" hits="0" branch="False" />
            <line number="146" hits="0" branch="False" />
            <line number="147" hits="0" branch="False" />
            <line number="149" hits="1" branch="True" condition-coverage="50% (1/2)">
              <conditions>
                <condition number="101" type="jump" coverage="50%" />
              </conditions>
            </line>
            <line number="150" hits="0" branch="False" />
            <line number="151" hits="0" branch="False" />
            <line number="154" hits="1" branch="False" />
            <line number="155" hits="1" branch="False" />
            <line number="156" hits="1" branch="False" />
            <line number="159" hits="1" branch="False" />
            <line number="160" hits="1" branch="False" />
            <line number="161" hits="1" branch="False" />
            <line number="162" hits="1" branch="False" />
            <line number="163" hits="1" branch="False" />
          </lines>
        </class>
        <class name="System.Text.RegularExpressions.Generated.&lt;RegexGenerator_g&gt;F51F437EDEFB64A98900256A5CBDA84B9ADB4D279B7B7AABD35BADA045497678C__RegexCountry_1" filename="obj/Debug/net8.0/System.Text.RegularExpressions.Generator/System.Text.RegularExpressions.Generator.RegexGenerator/RegexGenerator.g.cs" line-rate="1" branch-rate="1" complexity="2">
          <methods>
            <method name=".ctor" signature="()" line-rate="1" branch-rate="1" complexity="1">
              <lines>
                <line number="177" hits="1" branch="False" />
                <line number="178" hits="1" branch="False" />
                <line number="179" hits="1" branch="False" />
                <line number="180" hits="1" branch="False" />
                <line number="181" hits="1" branch="False" />
                <line number="182" hits="1" branch="False" />
                <line number="183" hits="1" branch="False" />
                <line number="184" hits="1" branch="False" />
                <line number="185" hits="1" branch="False" />
              </lines>
            </method>
            <method name=".cctor" signature="()" line-rate="1" branch-rate="1" complexity="1">
              <lines>
                <line number="174" hits="1" branch="False" />
              </lines>
            </method>
          </methods>
          <lines>
            <line number="177" hits="1" branch="False" />
            <line number="178" hits="1" branch="False" />
            <line number="179" hits="1" branch="False" />
            <line number="180" hits="1" branch="False" />
            <line number="181" hits="1" branch="False" />
            <line number="182" hits="1" branch="False" />
            <line number="183" hits="1" branch="False" />
            <line number="184" hits="1" branch="False" />
            <line number="185" hits="1" branch="False" />
            <line number="174" hits="1" branch="False" />
          </lines>
        </class>
        <class name="System.Text.RegularExpressions.Generated.&lt;RegexGenerator_g&gt;F51F437EDEFB64A98900256A5CBDA84B9ADB4D279B7B7AABD35BADA045497678C__RegexCountry_1/RunnerFactory" filename="obj/Debug/net8.0/System.Text.RegularExpressions.Generator/System.Text.RegularExpressions.Generator.RegexGenerator/RegexGenerator.g.cs" line-rate="1" branch-rate="1" complexity="1">
          <methods>
            <method name="CreateInstance" signature="()" line-rate="1" branch-rate="1" complexity="1">
              <lines>
                <line number="191" hits="1" branch="False" />
              </lines>
            </method>
          </methods>
          <lines>
            <line number="191" hits="1" branch="False" />
          </lines>
        </class>
        <class name="System.Text.RegularExpressions.Generated.&lt;RegexGenerator_g&gt;F51F437EDEFB64A98900256A5CBDA84B9ADB4D279B7B7AABD35BADA045497678C__RegexCountry_1/RunnerFactory/Runner" filename="obj/Debug/net8.0/System.Text.RegularExpressions.Generator/System.Text.RegularExpressions.Generator.RegexGenerator/RegexGenerator.g.cs" line-rate="0.7555" branch-rate="0.6175999999999999" complexity="34">
          <methods>
            <method name="Scan" signature="(System.ReadOnlySpan`1&lt;System.Char&gt;)" line-rate="0.41659999999999997" branch-rate="0.5" complexity="8">
              <lines>
                <line number="199" hits="88" branch="False" />
                <line number="201" hits="88" branch="True" condition-coverage="66.66% (4/6)">
                  <conditions>
                    <condition number="78" type="jump" coverage="50%" />
                    <condition number="44" type="jump" coverage="100%" />
                    <condition number="53" type="jump" coverage="50%" />
                  </conditions>
                </line>
                <line number="202" hits="88" branch="False" />
                <line number="203" hits="88" branch="False" />
                <line number="204" hits="0" branch="False" />
                <line number="205" hits="0" branch="False" />
                <line number="206" hits="0" branch="True" condition-coverage="0% (0/2)">
                  <conditions>
                    <condition number="25" type="jump" coverage="0%" />
                  </conditions>
                </line>
                <line number="207" hits="0" branch="False" />
                <line number="208" hits="0" branch="False" />
                <line number="209" hits="0" branch="False" />
                <line number="210" hits="0" branch="False" />
                <line number="211" hits="88" branch="False" />
              </lines>
            </method>
            <method name="TryFindNextPossibleStartingPosition" signature="(System.ReadOnlySpan`1&lt;System.Char&gt;)" line-rate="1" branch-rate="1" complexity="4">
              <lines>
                <line number="217" hits="88" branch="False" />
                <line number="218" hits="88" branch="False" />
                <line number="221" hits="88" branch="True" condition-coverage="100% (2/2)">
                  <conditions>
                    <condition number="26" type="jump" coverage="100%" />
                  </conditions>
                </line>
                <line number="222" hits="88" branch="False" />
                <line number="225" hits="88" branch="False" />
                <line number="226" hits="88" branch="True" condition-coverage="100% (2/2)">
                  <conditions>
                    <condition number="62" type="jump" coverage="100%" />
                  </conditions>
                </line>
                <line number="227" hits="23" branch="False" />
                <line number="228" hits="23" branch="False" />
                <line number="229" hits="23" branch="False" />
                <line number="231" hits="65" branch="False" />
                <line number="234" hits="65" branch="False" />
                <line number="235" hits="65" branch="False" />
                <line number="236" hits="88" branch="False" />
              </lines>
            </method>
            <method name="TryMatchAtCurrentPosition" signature="(System.ReadOnlySpan`1&lt;System.Char&gt;)" line-rate="0.7456999999999999" branch-rate="0.55" complexity="20">
              <lines>
                <line number="242" hits="23" branch="False" />
                <line number="243" hits="23" branch="False" />
                <line number="244" hits="23" branch="False" />
                <line number="245" hits="23" branch="False" />
                <line number="246" hits="23" branch="False" />
                <line number="247" hits="23" branch="False" />
                <line number="248" hits="23" branch="False" />
                <line number="251" hits="23" branch="True" condition-coverage="50% (1/2)">
                  <conditions>
                    <condition number="51" type="jump" coverage="50%" />
                  </conditions>
                </line>
                <line number="252" hits="0" branch="False" />
                <line number="253" hits="0" branch="False" />
                <line number="254" hits="0" branch="False" />
                <line number="259" hits="23" branch="False" />
                <line number="260" hits="23" branch="False" />
                <line number="261" hits="23" branch="False" />
                <line number="265" hits="23" branch="True" condition-coverage="50% (2/4)">
                  <conditions>
                    <condition number="94" type="jump" coverage="50%" />
                    <condition number="116" type="jump" coverage="50%" />
                  </conditions>
                </line>
                <line number="266" hits="0" branch="False" />
                <line number="267" hits="0" branch="False" />
                <line number="268" hits="0" branch="False" />
                <line number="271" hits="23" branch="False" />
                <line number="272" hits="23" branch="False" />
                <line number="273" hits="23" branch="False" />
                <line number="274" hits="23" branch="False" />
                <line number="276" hits="23" branch="False" />
                <line number="277" hits="23" branch="False" />
                <line number="278" hits="23" branch="True" condition-coverage="50% (1/2)">
                  <conditions>
                    <condition number="175" type="jump" coverage="50%" />
                  </conditions>
                </line>
                <line number="279" hits="0" branch="False" />
                <line number="280" hits="0" branch="False" />
                <line number="281" hits="0" branch="False" />
                <line number="283" hits="23" branch="False" />
                <line number="284" hits="23" branch="False" />
                <line number="285" hits="23" branch="True" condition-coverage="50% (2/4)">
                  <conditions>
                    <condition number="206" type="jump" coverage="50%" />
                    <condition number="228" type="jump" coverage="50%" />
                  </conditions>
                </line>
                <line number="286" hits="0" branch="False" />
                <line number="287" hits="0" branch="False" />
                <line number="288" hits="0" branch="False" />
                <line number="290" hits="23" branch="False" />
                <line number="291" hits="23" branch="False" />
                <line number="292" hits="23" branch="False" />
                <line number="293" hits="23" branch="True" condition-coverage="50% (2/4)">
                  <conditions>
                    <condition number="283" type="jump" coverage="50%" />
                    <condition number="306" type="jump" coverage="50%" />
                  </conditions>
                </line>
                <line number="294" hits="0" branch="False" />
                <line number="295" hits="0" branch="False" />
                <line number="296" hits="0" branch="False" />
                <line number="298" hits="23" branch="False" />
                <line number="299" hits="23" branch="False" />
                <line number="300" hits="23" branch="False" />
                <line number="302" hits="46" branch="False" />
                <line number="303" hits="46" branch="False" />
                <line number="306" hits="46" branch="False" />
                <line number="308" hits="46" branch="False" />
                <line number="310" hits="23" branch="False" />
                <line number="311" hits="23" branch="False" />
                <line number="313" hits="92" branch="False" />
                <line number="317" hits="46" branch="True" condition-coverage="75% (3/4)">
                  <conditions>
                    <condition number="375" type="jump" coverage="50%" />
                    <condition number="400" type="jump" coverage="100%" />
                  </conditions>
                </line>
                <line number="318" hits="23" branch="False" />
                <line number="319" hits="23" branch="False" />
                <line number="323" hits="23" branch="False" />
                <line number="324" hits="23" branch="False" />
                <line number="325" hits="23" branch="False" />
                <line number="326" hits="23" branch="False" />
                <line number="337" hits="23" branch="False" />
              </lines>
            </method>
            <method name="&lt;TryMatchAtCurrentPosition&gt;g__UncaptureUntil|2_0" signature="(System.Int32)" line-rate="1" branch-rate="1" complexity="2">
              <lines>
                <line number="331" hits="23" branch="False" />
                <line number="332" hits="46" branch="True" condition-coverage="100% (2/2)">
                  <conditions>
                    <condition number="23" type="jump" coverage="100%" />
                  </conditions>
                </line>
                <line number="333" hits="23" branch="False" />
                <line number="334" hits="23" branch="False" />
                <line number="335" hits="23" branch="False" />
                <line number="336" hits="23" branch="False" />
              </lines>
            </method>
          </methods>
          <lines>
            <line number="199" hits="88" branch="False" />
            <line number="201" hits="88" branch="True" condition-coverage="66.66% (4/6)">
              <conditions>
                <condition number="78" type="jump" coverage="50%" />
                <condition number="44" type="jump" coverage="100%" />
                <condition number="53" type="jump" coverage="50%" />
              </conditions>
            </line>
            <line number="202" hits="88" branch="False" />
            <line number="203" hits="88" branch="False" />
            <line number="204" hits="0" branch="False" />
            <line number="205" hits="0" branch="False" />
            <line number="206" hits="0" branch="True" condition-coverage="0% (0/2)">
              <conditions>
                <condition number="25" type="jump" coverage="0%" />
              </conditions>
            </line>
            <line number="207" hits="0" branch="False" />
            <line number="208" hits="0" branch="False" />
            <line number="209" hits="0" branch="False" />
            <line number="210" hits="0" branch="False" />
            <line number="211" hits="88" branch="False" />
            <line number="217" hits="88" branch="False" />
            <line number="218" hits="88" branch="False" />
            <line number="221" hits="88" branch="True" condition-coverage="100% (2/2)">
              <conditions>
                <condition number="26" type="jump" coverage="100%" />
              </conditions>
            </line>
            <line number="222" hits="88" branch="False" />
            <line number="225" hits="88" branch="False" />
            <line number="226" hits="88" branch="True" condition-coverage="100% (2/2)">
              <conditions>
                <condition number="62" type="jump" coverage="100%" />
              </conditions>
            </line>
            <line number="227" hits="23" branch="False" />
            <line number="228" hits="23" branch="False" />
            <line number="229" hits="23" branch="False" />
            <line number="231" hits="65" branch="False" />
            <line number="234" hits="65" branch="False" />
            <line number="235" hits="65" branch="False" />
            <line number="236" hits="88" branch="False" />
            <line number="242" hits="23" branch="False" />
            <line number="243" hits="23" branch="False" />
            <line number="244" hits="23" branch="False" />
            <line number="245" hits="23" branch="False" />
            <line number="246" hits="23" branch="False" />
            <line number="247" hits="23" branch="False" />
            <line number="248" hits="23" branch="False" />
            <line number="251" hits="23" branch="True" condition-coverage="50% (1/2)">
              <conditions>
                <condition number="51" type="jump" coverage="50%" />
              </conditions>
            </line>
            <line number="252" hits="0" branch="False" />
            <line number="253" hits="0" branch="False" />
            <line number="254" hits="0" branch="False" />
            <line number="259" hits="23" branch="False" />
            <line number="260" hits="23" branch="False" />
            <line number="261" hits="23" branch="False" />
            <line number="265" hits="23" branch="True" condition-coverage="50% (2/4)">
              <conditions>
                <condition number="94" type="jump" coverage="50%" />
                <condition number="116" type="jump" coverage="50%" />
              </conditions>
            </line>
            <line number="266" hits="0" branch="False" />
            <line number="267" hits="0" branch="False" />
            <line number="268" hits="0" branch="False" />
            <line number="271" hits="23" branch="False" />
            <line number="272" hits="23" branch="False" />
            <line number="273" hits="23" branch="False" />
            <line number="274" hits="23" branch="False" />
            <line number="276" hits="23" branch="False" />
            <line number="277" hits="23" branch="False" />
            <line number="278" hits="23" branch="True" condition-coverage="50% (1/2)">
              <conditions>
                <condition number="175" type="jump" coverage="50%" />
              </conditions>
            </line>
            <line number="279" hits="0" branch="False" />
            <line number="280" hits="0" branch="False" />
            <line number="281" hits="0" branch="False" />
            <line number="283" hits="23" branch="False" />
            <line number="284" hits="23" branch="False" />
            <line number="285" hits="23" branch="True" condition-coverage="50% (2/4)">
              <conditions>
                <condition number="206" type="jump" coverage="50%" />
                <condition number="228" type="jump" coverage="50%" />
              </conditions>
            </line>
            <line number="286" hits="0" branch="False" />
            <line number="287" hits="0" branch="False" />
            <line number="288" hits="0" branch="False" />
            <line number="290" hits="23" branch="False" />
            <line number="291" hits="23" branch="False" />
            <line number="292" hits="23" branch="False" />
            <line number="293" hits="23" branch="True" condition-coverage="50% (2/4)">
              <conditions>
                <condition number="283" type="jump" coverage="50%" />
                <condition number="306" type="jump" coverage="50%" />
              </conditions>
            </line>
            <line number="294" hits="0" branch="False" />
            <line number="295" hits="0" branch="False" />
            <line number="296" hits="0" branch="False" />
            <line number="298" hits="23" branch="False" />
            <line number="299" hits="23" branch="False" />
            <line number="300" hits="23" branch="False" />
            <line number="302" hits="46" branch="False" />
            <line number="303" hits="46" branch="False" />
            <line number="306" hits="46" branch="False" />
            <line number="308" hits="46" branch="False" />
            <line number="310" hits="23" branch="False" />
            <line number="311" hits="23" branch="False" />
            <line number="313" hits="92" branch="False" />
            <line number="317" hits="46" branch="True" condition-coverage="75% (3/4)">
              <conditions>
                <condition number="375" type="jump" coverage="50%" />
                <condition number="400" type="jump" coverage="100%" />
              </conditions>
            </line>
            <line number="318" hits="23" branch="False" />
            <line number="319" hits="23" branch="False" />
            <line number="323" hits="23" branch="False" />
            <line number="324" hits="23" branch="False" />
            <line number="325" hits="23" branch="False" />
            <line number="326" hits="23" branch="False" />
            <line number="337" hits="23" branch="False" />
            <line number="331" hits="23" branch="False" />
            <line number="332" hits="46" branch="True" condition-coverage="100% (2/2)">
              <conditions>
                <condition number="23" type="jump" coverage="100%" />
              </conditions>
            </line>
            <line number="333" hits="23" branch="False" />
            <line number="334" hits="23" branch="False" />
            <line number="335" hits="23" branch="False" />
            <line number="336" hits="23" branch="False" />
          </lines>
        </class>
        <class name="System.Text.RegularExpressions.Generated.&lt;RegexGenerator_g&gt;F51F437EDEFB64A98900256A5CBDA84B9ADB4D279B7B7AABD35BADA045497678C__Utilities" filename="obj/Debug/net8.0/System.Text.RegularExpressions.Generator/System.Text.RegularExpressions.Generator.RegexGenerator/RegexGenerator.g.cs" line-rate="1" branch-rate="0.5" complexity="2">
          <methods>
            <method name=".cctor" signature="()" line-rate="1" branch-rate="0.5" complexity="2">
              <lines>
                <line number="348" hits="1" branch="True" condition-coverage="50% (1/2)">
                  <conditions>
                    <condition number="17" type="jump" coverage="50%" />
                  </conditions>
                </line>
                <line number="351" hits="1" branch="False" />
              </lines>
            </method>
          </methods>
          <lines>
            <line number="348" hits="1" branch="True" condition-coverage="50% (1/2)">
              <conditions>
                <condition number="17" type="jump" coverage="50%" />
              </conditions>
            </line>
            <line number="351" hits="1" branch="False" />
          </lines>
        </class>
        <class name="BtmsGateway.Middleware.ContentMap" filename="obj/Debug/net8.0/System.Text.RegularExpressions.Generator/System.Text.RegularExpressions.Generator.RegexGenerator/RegexGenerator.g.cs" line-rate="1" branch-rate="1" complexity="2">
          <methods>
            <method name="RegexChed" signature="()" line-rate="1" branch-rate="1" complexity="1">
              <lines>
                <line number="21" hits="88" branch="False" />
              </lines>
            </method>
            <method name="RegexCountry" signature="()" line-rate="1" branch-rate="1" complexity="1">
              <lines>
                <line number="41" hits="88" branch="False" />
              </lines>
            </method>
          </methods>
          <lines>
            <line number="21" hits="88" branch="False" />
            <line number="41" hits="88" branch="False" />
          </lines>
        </class>
        <class name="BtmsGateway.Utils.Extensions" filename="Utils/Extensions.cs" line-rate="1" branch-rate="1" complexity="6">
          <methods>
            <method name="ConfigureToType" signature="(Microsoft.AspNetCore.Builder.WebApplicationBuilder,System.String)" line-rate="1" branch-rate="1" complexity="4">
              <lines>
                <line number="9" hits="88" branch="False" />
                <line number="10" hits="88" branch="True" condition-coverage="100% (2/2)">
                  <conditions>
                    <condition number="2" type="jump" coverage="100%" />
                  </conditions>
                </line>
                <line number="11" hits="88" branch="False" />
                <line number="12" hits="88" branch="True" condition-coverage="100% (2/2)">
                  <conditions>
                    <condition number="72" type="jump" coverage="100%" />
                  </conditions>
                </line>
                <line number="13" hits="88" branch="False" />
              </lines>
            </method>
            <method name="ToTitleCase" signature="(System.String)" line-rate="1" branch-rate="1" complexity="1">
              <lines>
                <line number="15" hits="365" branch="False" />
              </lines>
            </method>
            <method name="ToStringWithDeclaration" signature="(System.Xml.Linq.XDocument)" line-rate="1" branch-rate="1" complexity="1">
              <lines>
                <line number="17" hits="12" branch="False" />
              </lines>
            </method>
          </methods>
          <lines>
            <line number="9" hits="88" branch="False" />
            <line number="10" hits="88" branch="True" condition-coverage="100% (2/2)">
              <conditions>
                <condition number="2" type="jump" coverage="100%" />
              </conditions>
            </line>
            <line number="11" hits="88" branch="False" />
            <line number="12" hits="88" branch="True" condition-coverage="100% (2/2)">
              <conditions>
                <condition number="72" type="jump" coverage="100%" />
              </conditions>
            </line>
            <line number="13" hits="88" branch="False" />
            <line number="15" hits="365" branch="False" />
            <line number="17" hits="12" branch="False" />
          </lines>
        </class>
        <class name="BtmsGateway.Utils.Metrics" filename="Utils/Metrics.cs" line-rate="1" branch-rate="1" complexity="10">
          <methods>
            <method name="CompletedList" signature="(BtmsGateway.Middleware.MessageData,BtmsGateway.Services.Routing.RoutingResult)" line-rate="1" branch-rate="1" complexity="1">
              <lines>
                <line number="25" hits="86" branch="False" />
                <line number="26" hits="86" branch="False" />
                <line number="27" hits="86" branch="False" />
                <line number="28" hits="86" branch="False" />
                <line number="29" hits="86" branch="False" />
                <line number="30" hits="86" branch="False" />
                <line number="31" hits="86" branch="False" />
                <line number="32" hits="86" branch="False" />
                <line number="33" hits="86" branch="False" />
                <line number="34" hits="86" branch="False" />
                <line number="35" hits="86" branch="False" />
                <line number="36" hits="86" branch="False" />
                <line number="37" hits="86" branch="False" />
                <line number="38" hits="86" branch="False" />
                <line number="39" hits="86" branch="False" />
                <line number="40" hits="86" branch="False" />
                <line number="41" hits="86" branch="False" />
              </lines>
            </method>
            <method name="RequestRouted" signature="(BtmsGateway.Middleware.MessageData,BtmsGateway.Services.Routing.RoutingResult)" line-rate="1" branch-rate="1" complexity="1">
              <lines>
                <line number="43" hits="43" branch="False" />
              </lines>
            </method>
            <method name="RequestForked" signature="(BtmsGateway.Middleware.MessageData,BtmsGateway.Services.Routing.RoutingResult)" line-rate="1" branch-rate="1" complexity="1">
              <lines>
                <line number="45" hits="43" branch="False" />
              </lines>
            </method>
            <method name="StartTotalRequest" signature="()" line-rate="1" branch-rate="1" complexity="1">
              <lines>
                <line number="47" hits="44" branch="False" />
              </lines>
            </method>
            <method name="RecordTotalRequest" signature="()" line-rate="1" branch-rate="1" complexity="1">
              <lines>
                <line number="48" hits="43" branch="False" />
              </lines>
            </method>
            <method name="StartRoutedRequest" signature="()" line-rate="1" branch-rate="1" complexity="1">
              <lines>
                <line number="50" hits="43" branch="False" />
              </lines>
            </method>
            <method name="RecordRoutedRequest" signature="()" line-rate="1" branch-rate="1" complexity="1">
              <lines>
                <line number="51" hits="41" branch="False" />
              </lines>
            </method>
            <method name="StartForkedRequest" signature="()" line-rate="1" branch-rate="1" complexity="1">
              <lines>
                <line number="53" hits="38" branch="False" />
              </lines>
            </method>
            <method name="RecordForkedRequest" signature="()" line-rate="1" branch-rate="1" complexity="1">
              <lines>
                <line number="54" hits="36" branch="False" />
              </lines>
            </method>
            <method name=".ctor" signature="(BtmsGateway.Utils.MetricsHost)" line-rate="1" branch-rate="1" complexity="1">
              <lines>
                <line number="22" hits="44" branch="False" />
                <line number="56" hits="44" branch="False" />
                <line number="57" hits="44" branch="False" />
                <line number="58" hits="44" branch="False" />
              </lines>
            </method>
          </methods>
          <lines>
            <line number="25" hits="86" branch="False" />
            <line number="26" hits="86" branch="False" />
            <line number="27" hits="86" branch="False" />
            <line number="28" hits="86" branch="False" />
            <line number="29" hits="86" branch="False" />
            <line number="30" hits="86" branch="False" />
            <line number="31" hits="86" branch="False" />
            <line number="32" hits="86" branch="False" />
            <line number="33" hits="86" branch="False" />
            <line number="34" hits="86" branch="False" />
            <line number="35" hits="86" branch="False" />
            <line number="36" hits="86" branch="False" />
            <line number="37" hits="86" branch="False" />
            <line number="38" hits="86" branch="False" />
            <line number="39" hits="86" branch="False" />
            <line number="40" hits="86" branch="False" />
            <line number="41" hits="86" branch="False" />
            <line number="43" hits="43" branch="False" />
            <line number="45" hits="43" branch="False" />
            <line number="47" hits="44" branch="False" />
            <line number="48" hits="43" branch="False" />
            <line number="50" hits="43" branch="False" />
            <line number="51" hits="41" branch="False" />
            <line number="53" hits="38" branch="False" />
            <line number="54" hits="36" branch="False" />
            <line number="22" hits="44" branch="False" />
            <line number="56" hits="44" branch="False" />
            <line number="57" hits="44" branch="False" />
            <line number="58" hits="44" branch="False" />
          </lines>
        </class>
        <class name="BtmsGateway.Utils.MetricsHost" filename="Utils/MetricsHost.cs" line-rate="1" branch-rate="1" complexity="2">
          <methods>
            <method name="GetMetrics" signature="()" line-rate="1" branch-rate="1" complexity="1">
              <lines>
                <line number="25" hits="44" branch="False" />
              </lines>
            </method>
            <method name=".ctor" signature="(System.Diagnostics.Metrics.IMeterFactory)" line-rate="1" branch-rate="1" complexity="1">
              <lines>
                <line number="15" hits="44" branch="False" />
                <line number="16" hits="44" branch="False" />
                <line number="17" hits="44" branch="False" />
                <line number="18" hits="44" branch="False" />
                <line number="19" hits="44" branch="False" />
                <line number="20" hits="44" branch="False" />
                <line number="21" hits="44" branch="False" />
                <line number="22" hits="44" branch="False" />
                <line number="23" hits="44" branch="False" />
              </lines>
            </method>
          </methods>
          <lines>
            <line number="25" hits="44" branch="False" />
            <line number="15" hits="44" branch="False" />
            <line number="16" hits="44" branch="False" />
            <line number="17" hits="44" branch="False" />
            <line number="18" hits="44" branch="False" />
            <line number="19" hits="44" branch="False" />
            <line number="20" hits="44" branch="False" />
            <line number="21" hits="44" branch="False" />
            <line number="22" hits="44" branch="False" />
            <line number="23" hits="44" branch="False" />
          </lines>
        </class>
        <class name="BtmsGateway.Utils.Http.Proxy" filename="Utils/Http/Proxy.cs" line-rate="1" branch-rate="0.875" complexity="10">
          <methods>
            <method name="CreateHttpClientHandler" signature="(System.String,Serilog.ILogger)" line-rate="1" branch-rate="1" complexity="1">
              <lines>
                <line number="52" hits="78" branch="False" />
                <line number="53" hits="78" branch="False" />
                <line number="54" hits="78" branch="False" />
                <line number="55" hits="78" branch="False" />
              </lines>
            </method>
            <method name="CreateProxy" signature="(System.String,Serilog.ILogger)" line-rate="1" branch-rate="1" complexity="2">
              <lines>
                <line number="58" hits="81" branch="False" />
                <line number="59" hits="81" branch="False" />
                <line number="60" hits="81" branch="False" />
                <line number="61" hits="81" branch="False" />
                <line number="62" hits="81" branch="False" />
                <line number="63" hits="81" branch="True" condition-coverage="100% (2/2)">
                  <conditions>
                    <condition number="21" type="jump" coverage="100%" />
                  </conditions>
                </line>
                <line number="64" hits="3" branch="False" />
                <line number="65" hits="3" branch="False" />
                <line number="66" hits="3" branch="False" />
                <line number="68" hits="78" branch="False" />
                <line number="69" hits="78" branch="False" />
                <line number="70" hits="78" branch="False" />
                <line number="71" hits="81" branch="False" />
                <line number="72" hits="81" branch="False" />
              </lines>
            </method>
            <method name="ConfigureProxy" signature="(System.Net.WebProxy,System.String,Serilog.ILogger)" line-rate="1" branch-rate="1" complexity="2">
              <lines>
                <line number="75" hits="6" branch="False" />
                <line number="76" hits="6" branch="False" />
                <line number="77" hits="6" branch="False" />
                <line number="79" hits="6" branch="False" />
                <line number="80" hits="6" branch="True" condition-coverage="100% (2/2)">
                  <conditions>
                    <condition number="33" type="jump" coverage="100%" />
                  </conditions>
                </line>
                <line number="81" hits="5" branch="False" />
                <line number="82" hits="5" branch="False" />
                <line number="83" hits="5" branch="False" />
                <line number="84" hits="5" branch="False" />
                <line number="87" hits="6" branch="False" />
                <line number="88" hits="6" branch="False" />
                <line number="89" hits="6" branch="False" />
                <line number="90" hits="6" branch="False" />
              </lines>
            </method>
            <method name="GetCredentialsFromUri" signature="(System.UriBuilder)" line-rate="1" branch-rate="0.75" complexity="4">
              <lines>
                <line number="93" hits="6" branch="False" />
                <line number="94" hits="6" branch="False" />
                <line number="95" hits="6" branch="False" />
                <line number="96" hits="7" branch="True" condition-coverage="75% (3/4)">
                  <conditions>
                    <condition number="21" type="jump" coverage="50%" />
                    <condition number="34" type="jump" coverage="100%" />
                  </conditions>
                </line>
                <line number="97" hits="5" branch="False" />
                <line number="98" hits="6" branch="False" />
              </lines>
            </method>
            <method name=".cctor" signature="()" line-rate="1" branch-rate="1" complexity="1">
              <lines>
                <line number="30" hits="3" branch="False" />
              </lines>
            </method>
          </methods>
          <lines>
            <line number="52" hits="78" branch="False" />
            <line number="53" hits="78" branch="False" />
            <line number="54" hits="78" branch="False" />
            <line number="55" hits="78" branch="False" />
            <line number="58" hits="81" branch="False" />
            <line number="59" hits="81" branch="False" />
            <line number="60" hits="81" branch="False" />
            <line number="61" hits="81" branch="False" />
            <line number="62" hits="81" branch="False" />
            <line number="63" hits="81" branch="True" condition-coverage="100% (2/2)">
              <conditions>
                <condition number="21" type="jump" coverage="100%" />
              </conditions>
            </line>
            <line number="64" hits="3" branch="False" />
            <line number="65" hits="3" branch="False" />
            <line number="66" hits="3" branch="False" />
            <line number="68" hits="78" branch="False" />
            <line number="69" hits="78" branch="False" />
            <line number="70" hits="78" branch="False" />
            <line number="71" hits="81" branch="False" />
            <line number="72" hits="81" branch="False" />
            <line number="75" hits="6" branch="False" />
            <line number="76" hits="6" branch="False" />
            <line number="77" hits="6" branch="False" />
            <line number="79" hits="6" branch="False" />
            <line number="80" hits="6" branch="True" condition-coverage="100% (2/2)">
              <conditions>
                <condition number="33" type="jump" coverage="100%" />
              </conditions>
            </line>
            <line number="81" hits="5" branch="False" />
            <line number="82" hits="5" branch="False" />
            <line number="83" hits="5" branch="False" />
            <line number="84" hits="5" branch="False" />
            <line number="87" hits="6" branch="False" />
            <line number="88" hits="6" branch="False" />
            <line number="89" hits="6" branch="False" />
            <line number="90" hits="6" branch="False" />
            <line number="93" hits="6" branch="False" />
            <line number="94" hits="6" branch="False" />
            <line number="95" hits="6" branch="False" />
            <line number="96" hits="7" branch="True" condition-coverage="75% (3/4)">
              <conditions>
                <condition number="21" type="jump" coverage="50%" />
                <condition number="34" type="jump" coverage="100%" />
              </conditions>
            </line>
            <line number="97" hits="5" branch="False" />
            <line number="98" hits="6" branch="False" />
            <line number="30" hits="3" branch="False" />
          </lines>
        </class>
        <class name="BtmsGateway.Services.DomainInfo" filename="Services/DomainInfo.cs" line-rate="1" branch-rate="1" complexity="1">
          <methods>
            <method name=".cctor" signature="()" line-rate="1" branch-rate="1" complexity="1">
              <lines>
                <line number="7" hits="1" branch="False" />
                <line number="8" hits="1" branch="False" />
                <line number="9" hits="1" branch="False" />
                <line number="10" hits="1" branch="False" />
                <line number="11" hits="1" branch="False" />
                <line number="12" hits="1" branch="False" />
                <line number="14" hits="1" branch="False" />
                <line number="15" hits="1" branch="False" />
                <line number="16" hits="1" branch="False" />
                <line number="17" hits="1" branch="False" />
                <line number="18" hits="1" branch="False" />
                <line number="19" hits="1" branch="False" />
                <line number="20" hits="1" branch="False" />
                <line number="21" hits="1" branch="False" />
                <line number="22" hits="1" branch="False" />
                <line number="23" hits="1" branch="False" />
                <line number="24" hits="1" branch="False" />
              </lines>
            </method>
          </methods>
          <lines>
            <line number="7" hits="1" branch="False" />
            <line number="8" hits="1" branch="False" />
            <line number="9" hits="1" branch="False" />
            <line number="10" hits="1" branch="False" />
            <line number="11" hits="1" branch="False" />
            <line number="12" hits="1" branch="False" />
            <line number="14" hits="1" branch="False" />
            <line number="15" hits="1" branch="False" />
            <line number="16" hits="1" branch="False" />
            <line number="17" hits="1" branch="False" />
            <line number="18" hits="1" branch="False" />
            <line number="19" hits="1" branch="False" />
            <line number="20" hits="1" branch="False" />
            <line number="21" hits="1" branch="False" />
            <line number="22" hits="1" branch="False" />
            <line number="23" hits="1" branch="False" />
            <line number="24" hits="1" branch="False" />
          </lines>
        </class>
        <class name="BtmsGateway.Services.Routing.ApiSender" filename="Services/Routing/ApiSender.cs" line-rate="1" branch-rate="1" complexity="1">
          <methods>
            <method name=".ctor" signature="(System.Net.Http.IHttpClientFactory)" line-rate="1" branch-rate="1" complexity="1">
              <lines>
                <line number="13" hits="49" branch="False" />
              </lines>
            </method>
          </methods>
          <lines>
            <line number="13" hits="49" branch="False" />
          </lines>
        </class>
        <class name="BtmsGateway.Services.Routing.ApiSender/&lt;Send&gt;d__2" filename="Services/Routing/ApiSender.cs" line-rate="1" branch-rate="1" complexity="12">
          <methods>
            <method name="MoveNext" signature="()" line-rate="1" branch-rate="1" complexity="12">
              <lines>
                <line number="16" hits="82" branch="False" />
                <line number="17" hits="82" branch="True" condition-coverage="100% (2/2)">
                  <conditions>
                    <condition number="47" type="jump" coverage="100%" />
                  </conditions>
                </line>
                <line number="21" hits="82" branch="True" condition-coverage="100% (2/2)">
                  <conditions>
                    <condition number="79" type="jump" coverage="100%" />
                  </conditions>
                </line>
                <line number="22" hits="38" branch="False" />
                <line number="23" hits="38" branch="True" condition-coverage="100% (2/2)">
                  <conditions>
                    <condition number="94" type="jump" coverage="100%" />
                  </conditions>
                </line>
                <line number="24" hits="38" branch="False" />
                <line number="25" hits="38" branch="False" />
                <line number="26" hits="38" branch="False" />
                <line number="27" hits="38" branch="False" />
                <line number="29" hits="44" branch="False" />
                <line number="30" hits="44" branch="True" condition-coverage="100% (2/2)">
                  <conditions>
                    <condition number="208" type="jump" coverage="100%" />
                  </conditions>
                </line>
                <line number="31" hits="44" branch="False" />
                <line number="32" hits="44" branch="False" />
                <line number="33" hits="44" branch="False" />
                <line number="34" hits="44" branch="False" />
                <line number="36" hits="82" branch="False" />
                <line number="37" hits="82" branch="True" condition-coverage="100% (2/2)">
                  <conditions>
                    <condition number="455" type="jump" coverage="100%" />
                  </conditions>
                </line>
                <line number="39" hits="82" branch="True" condition-coverage="100% (2/2)">
                  <conditions>
                    <condition number="632" type="jump" coverage="100%" />
                  </conditions>
                </line>
                <line number="40" hits="38" branch="False" />
                <line number="42" hits="44" branch="False" />
                <line number="44" hits="82" branch="False" />
                <line number="45" hits="82" branch="False" />
                <line number="46" hits="82" branch="False" />
                <line number="47" hits="82" branch="False" />
                <line number="48" hits="82" branch="False" />
                <line number="49" hits="82" branch="False" />
                <line number="50" hits="82" branch="False" />
                <line number="51" hits="82" branch="False" />
              </lines>
            </method>
          </methods>
          <lines>
            <line number="16" hits="82" branch="False" />
            <line number="17" hits="82" branch="True" condition-coverage="100% (2/2)">
              <conditions>
                <condition number="47" type="jump" coverage="100%" />
              </conditions>
            </line>
            <line number="21" hits="82" branch="True" condition-coverage="100% (2/2)">
              <conditions>
                <condition number="79" type="jump" coverage="100%" />
              </conditions>
            </line>
            <line number="22" hits="38" branch="False" />
            <line number="23" hits="38" branch="True" condition-coverage="100% (2/2)">
              <conditions>
                <condition number="94" type="jump" coverage="100%" />
              </conditions>
            </line>
            <line number="24" hits="38" branch="False" />
            <line number="25" hits="38" branch="False" />
            <line number="26" hits="38" branch="False" />
            <line number="27" hits="38" branch="False" />
            <line number="29" hits="44" branch="False" />
            <line number="30" hits="44" branch="True" condition-coverage="100% (2/2)">
              <conditions>
                <condition number="208" type="jump" coverage="100%" />
              </conditions>
            </line>
            <line number="31" hits="44" branch="False" />
            <line number="32" hits="44" branch="False" />
            <line number="33" hits="44" branch="False" />
            <line number="34" hits="44" branch="False" />
            <line number="36" hits="82" branch="False" />
            <line number="37" hits="82" branch="True" condition-coverage="100% (2/2)">
              <conditions>
                <condition number="455" type="jump" coverage="100%" />
              </conditions>
            </line>
            <line number="39" hits="82" branch="True" condition-coverage="100% (2/2)">
              <conditions>
                <condition number="632" type="jump" coverage="100%" />
              </conditions>
            </line>
            <line number="40" hits="38" branch="False" />
            <line number="42" hits="44" branch="False" />
            <line number="44" hits="82" branch="False" />
            <line number="45" hits="82" branch="False" />
            <line number="46" hits="82" branch="False" />
            <line number="47" hits="82" branch="False" />
            <line number="48" hits="82" branch="False" />
            <line number="49" hits="82" branch="False" />
            <line number="50" hits="82" branch="False" />
            <line number="51" hits="82" branch="False" />
          </lines>
        </class>
        <class name="BtmsGateway.Services.Routing.MessageRouter" filename="Services/Routing/MessageRouter.cs" line-rate="1" branch-rate="1" complexity="1">
          <methods>
            <method name=".ctor" signature="(BtmsGateway.Services.Routing.IMessageRoutes,BtmsGateway.Services.Routing.IApiSender,BtmsGateway.Services.Routing.IQueueSender,Serilog.ILogger)" line-rate="1" branch-rate="1" complexity="1">
              <lines>
                <line number="15" hits="54" branch="False" />
              </lines>
            </method>
          </methods>
          <lines>
            <line number="15" hits="54" branch="False" />
          </lines>
        </class>
        <class name="BtmsGateway.Services.Routing.MessageRouter/&lt;Fork&gt;d__6" filename="Services/Routing/MessageRouter.cs" line-rate="0.9229999999999999" branch-rate="0.9" complexity="10">
          <methods>
            <method name="MoveNext" signature="()" line-rate="0.9229999999999999" branch-rate="0.9" complexity="10">
              <lines>
                <line number="42" hits="48" branch="False" />
                <line number="43" hits="48" branch="False" />
                <line number="44" hits="54" branch="True" condition-coverage="100% (4/4)">
                  <conditions>
                    <condition number="60" type="jump" coverage="100%" />
                    <condition number="81" type="jump" coverage="100%" />
                  </conditions>
                </line>
                <line number="47" hits="42" branch="False" />
                <line number="48" hits="42" branch="True" condition-coverage="75% (3/4)">
                  <conditions>
                    <condition number="148" type="jump" coverage="100%" />
                    <condition number="158" type="jump" coverage="50%" />
                  </conditions>
                </line>
                <line number="51" hits="4" branch="False" />
                <line number="53" hits="38" branch="False" />
                <line number="55" hits="0" branch="False" />
                <line number="58" hits="4" branch="False" />
                <line number="59" hits="4" branch="False" />
                <line number="60" hits="4" branch="False" />
                <line number="61" hits="4" branch="True" condition-coverage="100% (2/2)">
                  <conditions>
                    <condition number="565" type="jump" coverage="100%" />
                  </conditions>
                </line>
                <line number="63" hits="48" branch="False" />
              </lines>
            </method>
          </methods>
          <lines>
            <line number="42" hits="48" branch="False" />
            <line number="43" hits="48" branch="False" />
            <line number="44" hits="54" branch="True" condition-coverage="100% (4/4)">
              <conditions>
                <condition number="60" type="jump" coverage="100%" />
                <condition number="81" type="jump" coverage="100%" />
              </conditions>
            </line>
            <line number="47" hits="42" branch="False" />
            <line number="48" hits="42" branch="True" condition-coverage="75% (3/4)">
              <conditions>
                <condition number="148" type="jump" coverage="100%" />
                <condition number="158" type="jump" coverage="50%" />
              </conditions>
            </line>
            <line number="51" hits="4" branch="False" />
            <line number="53" hits="38" branch="False" />
            <line number="55" hits="0" branch="False" />
            <line number="58" hits="4" branch="False" />
            <line number="59" hits="4" branch="False" />
            <line number="60" hits="4" branch="False" />
            <line number="61" hits="4" branch="True" condition-coverage="100% (2/2)">
              <conditions>
                <condition number="565" type="jump" coverage="100%" />
              </conditions>
            </line>
            <line number="63" hits="48" branch="False" />
          </lines>
        </class>
        <class name="BtmsGateway.Services.Routing.MessageRouter/&lt;Route&gt;d__5" filename="Services/Routing/MessageRouter.cs" line-rate="0.9229999999999999" branch-rate="0.9" complexity="10">
          <methods>
            <method name="MoveNext" signature="()" line-rate="0.9229999999999999" branch-rate="0.9" complexity="10">
              <lines>
                <line number="18" hits="48" branch="False" />
                <line number="19" hits="48" branch="False" />
                <line number="20" hits="49" branch="True" condition-coverage="100% (4/4)">
                  <conditions>
                    <condition number="60" type="jump" coverage="100%" />
                    <condition number="81" type="jump" coverage="100%" />
                  </conditions>
                </line>
                <line number="23" hits="47" branch="False" />
                <line number="24" hits="47" branch="True" condition-coverage="75% (3/4)">
                  <conditions>
                    <condition number="148" type="jump" coverage="100%" />
                    <condition number="158" type="jump" coverage="50%" />
                  </conditions>
                </line>
                <line number="27" hits="4" branch="False" />
                <line number="29" hits="43" branch="False" />
                <line number="31" hits="0" branch="False" />
                <line number="34" hits="4" branch="False" />
                <line number="35" hits="4" branch="False" />
                <line number="36" hits="4" branch="False" />
                <line number="37" hits="4" branch="True" condition-coverage="100% (2/2)">
                  <conditions>
                    <condition number="565" type="jump" coverage="100%" />
                  </conditions>
                </line>
                <line number="39" hits="48" branch="False" />
              </lines>
            </method>
          </methods>
          <lines>
            <line number="18" hits="48" branch="False" />
            <line number="19" hits="48" branch="False" />
            <line number="20" hits="49" branch="True" condition-coverage="100% (4/4)">
              <conditions>
                <condition number="60" type="jump" coverage="100%" />
                <condition number="81" type="jump" coverage="100%" />
              </conditions>
            </line>
            <line number="23" hits="47" branch="False" />
            <line number="24" hits="47" branch="True" condition-coverage="75% (3/4)">
              <conditions>
                <condition number="148" type="jump" coverage="100%" />
                <condition number="158" type="jump" coverage="50%" />
              </conditions>
            </line>
            <line number="27" hits="4" branch="False" />
            <line number="29" hits="43" branch="False" />
            <line number="31" hits="0" branch="False" />
            <line number="34" hits="4" branch="False" />
            <line number="35" hits="4" branch="False" />
            <line number="36" hits="4" branch="False" />
            <line number="37" hits="4" branch="True" condition-coverage="100% (2/2)">
              <conditions>
                <condition number="565" type="jump" coverage="100%" />
              </conditions>
            </line>
            <line number="39" hits="48" branch="False" />
          </lines>
        </class>
        <class name="BtmsGateway.Services.Routing.MessageRoutes" filename="Services/Routing/MessageRoutes.cs" line-rate="0.9137000000000001" branch-rate="0.7666" complexity="30">
          <methods>
            <method name="GetRoute" signature="(System.String)" line-rate="0.8863" branch-rate="0.7082999999999999" complexity="24">
              <lines>
                <line number="36" hits="91" branch="False" />
                <line number="39" hits="91" branch="False" />
                <line number="40" hits="91" branch="False" />
                <line number="41" hits="1205" branch="False" />
                <line number="42" hits="91" branch="False" />
                <line number="44" hits="91" branch="True" condition-coverage="100% (2/2)">
                  <conditions>
                    <condition number="78" type="jump" coverage="100%" />
                  </conditions>
                </line>
                <line number="45" hits="91" branch="False" />
                <line number="46" hits="91" branch="True" condition-coverage="75% (3/4)">
                  <conditions>
                    <condition number="153" type="jump" coverage="100%" />
                    <condition number="160" type="jump" coverage="50%" />
                  </conditions>
                </line>
                <line number="47" hits="91" branch="False" />
                <line number="48" hits="78" branch="True" condition-coverage="75% (6/8)">
                  <conditions>
                    <condition number="229" type="jump" coverage="50%" />
                    <condition number="244" type="jump" coverage="50%" />
                    <condition number="271" type="jump" coverage="100%" />
                    <condition number="286" type="jump" coverage="100%" />
                  </conditions>
                </line>
                <line number="49" hits="78" branch="False" />
                <line number="50" hits="78" branch="False" />
                <line number="51" hits="78" branch="False" />
                <line number="52" hits="78" branch="False" />
                <line number="53" hits="78" branch="False" />
                <line number="54" hits="78" branch="False" />
                <line number="55" hits="78" branch="False" />
                <line number="56" hits="78" branch="False" />
                <line number="57" hits="78" branch="False" />
                <line number="58" hits="78" branch="False" />
                <line number="59" hits="78" branch="False" />
                <line number="60" hits="78" branch="False" />
                <line number="61" hits="78" branch="False" />
                <line number="62" hits="12" branch="True" condition-coverage="75% (6/8)">
                  <conditions>
                    <condition number="426" type="jump" coverage="50%" />
                    <condition number="441" type="jump" coverage="100%" />
                    <condition number="468" type="jump" coverage="100%" />
                    <condition number="483" type="jump" coverage="50%" />
                  </conditions>
                </line>
                <line number="63" hits="12" branch="False" />
                <line number="64" hits="12" branch="False" />
                <line number="65" hits="12" branch="False" />
                <line number="66" hits="12" branch="False" />
                <line number="67" hits="12" branch="False" />
                <line number="68" hits="12" branch="False" />
                <line number="69" hits="12" branch="False" />
                <line number="70" hits="12" branch="False" />
                <line number="71" hits="12" branch="False" />
                <line number="72" hits="12" branch="False" />
                <line number="73" hits="12" branch="False" />
                <line number="74" hits="12" branch="False" />
                <line number="75" hits="12" branch="False" />
                <line number="76" hits="0" branch="False" />
                <line number="77" hits="91" branch="False" />
                <line number="79" hits="0" branch="False" />
                <line number="80" hits="0" branch="False" />
                <line number="81" hits="0" branch="False" />
                <line number="82" hits="0" branch="True" condition-coverage="0% (0/2)">
                  <conditions>
                    <condition number="677" type="jump" coverage="0%" />
                  </conditions>
                </line>
                <line number="84" hits="91" branch="False" />
              </lines>
            </method>
            <method name=".ctor" signature="(BtmsGateway.Services.Routing.RoutingConfig,Serilog.ILogger)" line-rate="1" branch-rate="1" complexity="6">
              <lines>
                <line number="17" hits="52" branch="False" />
                <line number="18" hits="52" branch="False" />
                <line number="19" hits="52" branch="False" />
                <line number="21" hits="52" branch="False" />
                <line number="22" hits="561" branch="True" condition-coverage="100% (2/2)">
                  <conditions>
                    <condition number="60" type="jump" coverage="100%" />
                  </conditions>
                </line>
                <line number="23" hits="622" branch="True" condition-coverage="100% (2/2)">
                  <conditions>
                    <condition number="117" type="jump" coverage="100%" />
                  </conditions>
                </line>
                <line number="24" hits="557" branch="True" condition-coverage="100% (2/2)">
                  <conditions>
                    <condition number="174" type="jump" coverage="100%" />
                  </conditions>
                </line>
                <line number="25" hits="49" branch="False" />
                <line number="26" hits="49" branch="False" />
                <line number="27" hits="3" branch="False" />
                <line number="28" hits="3" branch="False" />
                <line number="29" hits="3" branch="False" />
                <line number="30" hits="3" branch="False" />
                <line number="32" hits="49" branch="False" />
              </lines>
            </method>
          </methods>
          <lines>
            <line number="36" hits="91" branch="False" />
            <line number="39" hits="91" branch="False" />
            <line number="40" hits="91" branch="False" />
            <line number="41" hits="1205" branch="False" />
            <line number="42" hits="91" branch="False" />
            <line number="44" hits="91" branch="True" condition-coverage="100% (2/2)">
              <conditions>
                <condition number="78" type="jump" coverage="100%" />
              </conditions>
            </line>
            <line number="45" hits="91" branch="False" />
            <line number="46" hits="91" branch="True" condition-coverage="75% (3/4)">
              <conditions>
                <condition number="153" type="jump" coverage="100%" />
                <condition number="160" type="jump" coverage="50%" />
              </conditions>
            </line>
            <line number="47" hits="91" branch="False" />
            <line number="48" hits="78" branch="True" condition-coverage="75% (6/8)">
              <conditions>
                <condition number="229" type="jump" coverage="50%" />
                <condition number="244" type="jump" coverage="50%" />
                <condition number="271" type="jump" coverage="100%" />
                <condition number="286" type="jump" coverage="100%" />
              </conditions>
            </line>
            <line number="49" hits="78" branch="False" />
            <line number="50" hits="78" branch="False" />
            <line number="51" hits="78" branch="False" />
            <line number="52" hits="78" branch="False" />
            <line number="53" hits="78" branch="False" />
            <line number="54" hits="78" branch="False" />
            <line number="55" hits="78" branch="False" />
            <line number="56" hits="78" branch="False" />
            <line number="57" hits="78" branch="False" />
            <line number="58" hits="78" branch="False" />
            <line number="59" hits="78" branch="False" />
            <line number="60" hits="78" branch="False" />
            <line number="61" hits="78" branch="False" />
            <line number="62" hits="12" branch="True" condition-coverage="75% (6/8)">
              <conditions>
                <condition number="426" type="jump" coverage="50%" />
                <condition number="441" type="jump" coverage="100%" />
                <condition number="468" type="jump" coverage="100%" />
                <condition number="483" type="jump" coverage="50%" />
              </conditions>
            </line>
            <line number="63" hits="12" branch="False" />
            <line number="64" hits="12" branch="False" />
            <line number="65" hits="12" branch="False" />
            <line number="66" hits="12" branch="False" />
            <line number="67" hits="12" branch="False" />
            <line number="68" hits="12" branch="False" />
            <line number="69" hits="12" branch="False" />
            <line number="70" hits="12" branch="False" />
            <line number="71" hits="12" branch="False" />
            <line number="72" hits="12" branch="False" />
            <line number="73" hits="12" branch="False" />
            <line number="74" hits="12" branch="False" />
            <line number="75" hits="12" branch="False" />
            <line number="76" hits="0" branch="False" />
            <line number="77" hits="91" branch="False" />
            <line number="79" hits="0" branch="False" />
            <line number="80" hits="0" branch="False" />
            <line number="81" hits="0" branch="False" />
            <line number="82" hits="0" branch="True" condition-coverage="0% (0/2)">
              <conditions>
                <condition number="677" type="jump" coverage="0%" />
              </conditions>
            </line>
            <line number="84" hits="91" branch="False" />
            <line number="17" hits="52" branch="False" />
            <line number="18" hits="52" branch="False" />
            <line number="19" hits="52" branch="False" />
            <line number="21" hits="52" branch="False" />
            <line number="22" hits="561" branch="True" condition-coverage="100% (2/2)">
              <conditions>
                <condition number="60" type="jump" coverage="100%" />
              </conditions>
            </line>
            <line number="23" hits="622" branch="True" condition-coverage="100% (2/2)">
              <conditions>
                <condition number="117" type="jump" coverage="100%" />
              </conditions>
            </line>
            <line number="24" hits="557" branch="True" condition-coverage="100% (2/2)">
              <conditions>
[...]
            <line number="45" hits="96" branch="True" condition-coverage="100% (2/2)">
              <conditions>
                <condition number="62" type="jump" coverage="100%" />
              </conditions>
            </line>
            <line number="46" hits="96" branch="False" />
            <line number="47" hits="96" branch="False" />
            <line number="48" hits="96" branch="False" />
            <line number="49" hits="96" branch="False" />
            <line number="50" hits="96" branch="False" />
            <line number="51" hits="96" branch="True" condition-coverage="100% (2/2)">
              <conditions>
                <condition number="366" type="jump" coverage="100%" />
              </conditions>
            </line>
            <line number="52" hits="96" branch="False" />
            <line number="53" hits="0" branch="False" />
            <line number="54" hits="0" branch="False" />
            <line number="55" hits="0" branch="False" />
            <line number="56" hits="0" branch="False" />
            <line number="58" hits="96" branch="False" />
          </lines>
        </class>
        <class name="BtmsGateway.Middleware.MessageData/&lt;Create&gt;d__28" filename="Middleware/MessageData.cs" line-rate="1" branch-rate="1" complexity="1">
          <methods>
            <method name="MoveNext" signature="()" line-rate="1" branch-rate="1" complexity="1">
              <lines>
                <line number="32" hits="96" branch="False" />
                <line number="33" hits="96" branch="False" />
                <line number="34" hits="96" branch="False" />
                <line number="35" hits="96" branch="False" />
              </lines>
            </method>
          </methods>
          <lines>
            <line number="32" hits="96" branch="False" />
            <line number="33" hits="96" branch="False" />
            <line number="34" hits="96" branch="False" />
            <line number="35" hits="96" branch="False" />
          </lines>
        </class>
        <class name="BtmsGateway.Middleware.MessageData/&lt;PopulateResponse&gt;d__36" filename="Middleware/MessageData.cs" line-rate="0.7333" branch-rate="1" complexity="6">
          <methods>
            <method name="MoveNext" signature="()" line-rate="0.7333" branch-rate="1" complexity="6">
              <lines>
                <line number="157" hits="48" branch="False" />
                <line number="159" hits="48" branch="False" />
                <line number="160" hits="48" branch="False" />
                <line number="161" hits="48" branch="False" />
                <line number="162" hits="48" branch="True" condition-coverage="100% (2/2)">
                  <conditions>
                    <condition number="103" type="jump" coverage="100%" />
                  </conditions>
                </line>
                <line number="163" hits="48" branch="False" />
                <line number="164" hits="48" branch="False" />
                <line number="165" hits="48" branch="True" condition-coverage="100% (4/4)">
                  <conditions>
                    <condition number="251" type="jump" coverage="100%" />
                    <condition number="279" type="jump" coverage="100%" />
                  </conditions>
                </line>
                <line number="166" hits="23" branch="False" />
                <line number="167" hits="48" branch="False" />
                <line number="168" hits="0" branch="False" />
                <line number="169" hits="0" branch="False" />
                <line number="170" hits="0" branch="False" />
                <line number="171" hits="0" branch="False" />
                <line number="173" hits="48" branch="False" />
              </lines>
            </method>
          </methods>
          <lines>
            <line number="157" hits="48" branch="False" />
            <line number="159" hits="48" branch="False" />
            <line number="160" hits="48" branch="False" />
            <line number="161" hits="48" branch="False" />
            <line number="162" hits="48" branch="True" condition-coverage="100% (2/2)">
              <conditions>
                <condition number="103" type="jump" coverage="100%" />
              </conditions>
            </line>
            <line number="163" hits="48" branch="False" />
            <line number="164" hits="48" branch="False" />
            <line number="165" hits="48" branch="True" condition-coverage="100% (4/4)">
              <conditions>
                <condition number="251" type="jump" coverage="100%" />
                <condition number="279" type="jump" coverage="100%" />
              </conditions>
            </line>
            <line number="166" hits="23" branch="False" />
            <line number="167" hits="48" branch="False" />
            <line number="168" hits="0" branch="False" />
            <line number="169" hits="0" branch="False" />
            <line number="170" hits="0" branch="False" />
            <line number="171" hits="0" branch="False" />
            <line number="173" hits="48" branch="False" />
          </lines>
        </class>
        <class name="BtmsGateway.Middleware.MessageData/&lt;RetrieveContent&gt;d__37" filename="Middleware/MessageData.cs" line-rate="1" branch-rate="1" complexity="2">
          <methods>
            <method name="MoveNext" signature="()" line-rate="1" branch-rate="1" complexity="2">
              <lines>
                <line number="176" hits="96" branch="False" />
                <line number="177" hits="122" branch="True" condition-coverage="100% (2/2)">
                  <conditions>
                    <condition number="35" type="jump" coverage="100%" />
                  </conditions>
                </line>
                <line number="178" hits="70" branch="False" />
                <line number="179" hits="70" branch="False" />
                <line number="180" hits="70" branch="False" />
                <line number="181" hits="70" branch="False" />
                <line number="182" hits="96" branch="False" />
              </lines>
            </method>
          </methods>
          <lines>
            <line number="176" hits="96" branch="False" />
            <line number="177" hits="122" branch="True" condition-coverage="100% (2/2)">
              <conditions>
                <condition number="35" type="jump" coverage="100%" />
              </conditions>
            </line>
            <line number="178" hits="70" branch="False" />
            <line number="179" hits="70" branch="False" />
            <line number="180" hits="70" branch="False" />
            <line number="181" hits="70" branch="False" />
            <line number="182" hits="96" branch="False" />
          </lines>
        </class>
        <class name="BtmsGateway.Middleware.ContentMap" filename="Middleware/MessageData.cs" line-rate="1" branch-rate="1" complexity="5">
          <methods>
            <method name="get_ChedType" signature="()" line-rate="1" branch-rate="1" complexity="2">
              <lines>
                <line number="198" hits="89" branch="True" condition-coverage="100% (2/2)">
                  <conditions>
                    <condition number="6" type="jump" coverage="100%" />
                  </conditions>
                </line>
              </lines>
            </method>
            <method name="get_CountryCode" signature="()" line-rate="1" branch-rate="1" complexity="2">
              <lines>
                <line number="199" hits="89" branch="True" condition-coverage="100% (2/2)">
                  <conditions>
                    <condition number="6" type="jump" coverage="100%" />
                  </conditions>
                </line>
              </lines>
            </method>
            <method name=".ctor" signature="(System.String)" line-rate="1" branch-rate="1" complexity="1">
              <lines>
                <line number="193" hits="96" branch="False" />
              </lines>
            </method>
          </methods>
          <lines>
            <line number="198" hits="89" branch="True" condition-coverage="100% (2/2)">
              <conditions>
                <condition number="6" type="jump" coverage="100%" />
              </conditions>
            </line>
            <line number="199" hits="89" branch="True" condition-coverage="100% (2/2)">
              <conditions>
                <condition number="6" type="jump" coverage="100%" />
              </conditions>
            </line>
            <line number="193" hits="96" branch="False" />
          </lines>
        </class>
        <class name="BtmsGateway.Middleware.RoutingInterceptor" filename="Middleware/RoutingInterceptor.cs" line-rate="1" branch-rate="0.75" complexity="5">
          <methods>
            <method name="LogRouteFoundResults" signature="(BtmsGateway.Middleware.MessageData,BtmsGateway.Services.Routing.RoutingResult,System.String)" line-rate="1" branch-rate="1" complexity="2">
              <lines>
                <line number="68" hits="81" branch="False" />
                <line number="69" hits="81" branch="True" condition-coverage="100% (2/2)">
                  <conditions>
                    <condition number="39" type="jump" coverage="100%" />
                  </conditions>
                </line>
                <line number="70" hits="81" branch="False" />
              </lines>
            </method>
            <method name="LogRouteNotFoundResults" signature="(BtmsGateway.Middleware.MessageData,BtmsGateway.Services.Routing.RoutingResult,System.String)" line-rate="1" branch-rate="0.5" complexity="2">
              <lines>
                <line number="73" hits="5" branch="False" />
                <line number="74" hits="5" branch="True" condition-coverage="50% (1/2)">
                  <conditions>
                    <condition number="39" type="jump" coverage="50%" />
                  </conditions>
                </line>
                <line number="75" hits="5" branch="False" />
              </lines>
            </method>
            <method name=".ctor" signature="(Microsoft.AspNetCore.Http.RequestDelegate,BtmsGateway.Services.Routing.IMessageRouter,BtmsGateway.Utils.MetricsHost,Serilog.ILogger)" line-rate="1" branch-rate="1" complexity="1">
              <lines>
                <line number="7" hits="44" branch="False" />
              </lines>
            </method>
          </methods>
          <lines>
            <line number="68" hits="81" branch="False" />
            <line number="69" hits="81" branch="True" condition-coverage="100% (2/2)">
              <conditions>
                <condition number="39" type="jump" coverage="100%" />
              </conditions>
            </line>
            <line number="70" hits="81" branch="False" />
            <line number="73" hits="5" branch="False" />
            <line number="74" hits="5" branch="True" condition-coverage="50% (1/2)">
              <conditions>
                <condition number="39" type="jump" coverage="50%" />
              </conditions>
            </line>
            <line number="75" hits="5" branch="False" />
            <line number="7" hits="44" branch="False" />
          </lines>
        </class>
        <class name="BtmsGateway.Middleware.RoutingInterceptor/&lt;Fork&gt;d__7" filename="Middleware/RoutingInterceptor.cs" line-rate="1" branch-rate="0.75" complexity="4">
          <methods>
            <method name="MoveNext" signature="()" line-rate="1" branch-rate="0.75" complexity="4">
              <lines>
                <line number="56" hits="43" branch="False" />
                <line number="57" hits="43" branch="False" />
                <line number="59" hits="43" branch="True" condition-coverage="75% (3/4)">
                  <conditions>
                    <condition number="168" type="jump" coverage="50%" />
                    <condition number="189" type="jump" coverage="100%" />
                  </conditions>
                </line>
                <line number="60" hits="38" branch="False" />
                <line number="62" hits="5" branch="False" />
                <line number="64" hits="43" branch="False" />
                <line number="65" hits="43" branch="False" />
              </lines>
            </method>
          </methods>
          <lines>
            <line number="56" hits="43" branch="False" />
            <line number="57" hits="43" branch="False" />
            <line number="59" hits="43" branch="True" condition-coverage="75% (3/4)">
              <conditions>
                <condition number="168" type="jump" coverage="50%" />
                <condition number="189" type="jump" coverage="100%" />
              </conditions>
            </line>
            <line number="60" hits="38" branch="False" />
            <line number="62" hits="5" branch="False" />
            <line number="64" hits="43" branch="False" />
            <line number="65" hits="43" branch="False" />
          </lines>
        </class>
        <class name="BtmsGateway.Middleware.RoutingInterceptor/&lt;InvokeAsync&gt;d__5" filename="Middleware/RoutingInterceptor.cs" line-rate="0.8" branch-rate="1" complexity="2">
          <methods>
            <method name="MoveNext" signature="()" line-rate="0.8" branch-rate="1" complexity="2">
              <lines>
                <line number="10" hits="44" branch="False" />
                <line number="12" hits="44" branch="False" />
                <line number="13" hits="44" branch="False" />
                <line number="14" hits="44" branch="False" />
                <line number="16" hits="44" branch="False" />
                <line number="18" hits="44" branch="True" condition-coverage="100% (2/2)">
                  <conditions>
                    <condition number="250" type="jump" coverage="100%" />
                  </conditions>
                </line>
                <line number="19" hits="43" branch="False" />
                <line number="20" hits="43" branch="False" />
                <line number="22" hits="43" branch="False" />
                <line number="24" hits="43" branch="False" />
                <line number="26" hits="43" branch="False" />
                <line number="27" hits="43" branch="False" />
                <line number="30" hits="1" branch="False" />
                <line number="32" hits="1" branch="False" />
                <line number="33" hits="1" branch="False" />
                <line number="34" hits="0" branch="False" />
                <line number="35" hits="0" branch="False" />
                <line number="36" hits="0" branch="False" />
                <line number="37" hits="0" branch="False" />
                <line number="39" hits="44" branch="False" />
              </lines>
            </method>
          </methods>
          <lines>
            <line number="10" hits="44" branch="False" />
            <line number="12" hits="44" branch="False" />
            <line number="13" hits="44" branch="False" />
            <line number="14" hits="44" branch="False" />
            <line number="16" hits="44" branch="False" />
            <line number="18" hits="44" branch="True" condition-coverage="100% (2/2)">
              <conditions>
                <condition number="250" type="jump" coverage="100%" />
              </conditions>
            </line>
            <line number="19" hits="43" branch="False" />
            <line number="20" hits="43" branch="False" />
            <line number="22" hits="43" branch="False" />
            <line number="24" hits="43" branch="False" />
            <line number="26" hits="43" branch="False" />
            <line number="27" hits="43" branch="False" />
            <line number="30" hits="1" branch="False" />
            <line number="32" hits="1" branch="False" />
            <line number="33" hits="1" branch="False" />
            <line number="34" hits="0" branch="False" />
            <line number="35" hits="0" branch="False" />
            <line number="36" hits="0" branch="False" />
            <line number="37" hits="0" branch="False" />
            <line number="39" hits="44" branch="False" />
          </lines>
        </class>
        <class name="BtmsGateway.Middleware.RoutingInterceptor/&lt;Route&gt;d__6" filename="Middleware/RoutingInterceptor.cs" line-rate="0.875" branch-rate="0.5" complexity="4">
          <methods>
            <method name="MoveNext" signature="()" line-rate="0.875" branch-rate="0.5" complexity="4">
              <lines>
                <line number="42" hits="43" branch="False" />
                <line number="43" hits="43" branch="False" />
                <line number="45" hits="43" branch="True" condition-coverage="50% (2/4)">
                  <conditions>
                    <condition number="179" type="jump" coverage="50%" />
                    <condition number="200" type="jump" coverage="50%" />
                  </conditions>
                </line>
                <line number="46" hits="43" branch="False" />
                <line number="48" hits="0" branch="False" />
                <line number="50" hits="43" branch="False" />
                <line number="52" hits="43" branch="False" />
                <line number="53" hits="43" branch="False" />
              </lines>
            </method>
          </methods>
          <lines>
            <line number="42" hits="43" branch="False" />
            <line number="43" hits="43" branch="False" />
            <line number="45" hits="43" branch="True" condition-coverage="50% (2/4)">
              <conditions>
                <condition number="179" type="jump" coverage="50%" />
                <condition number="200" type="jump" coverage="50%" />
              </conditions>
            </line>
            <line number="46" hits="43" branch="False" />
            <line number="48" hits="0" branch="False" />
            <line number="50" hits="43" branch="False" />
            <line number="52" hits="43" branch="False" />
            <line number="53" hits="43" branch="False" />
          </lines>
        </class>
        <class name="BtmsGateway.Config.ConfigureServices" filename="Config/ConfigureServices.cs" line-rate="1" branch-rate="1" complexity="2">
          <methods>
            <method name="get_HttpRoutedClientWithRetryBuilder" signature="()" line-rate="1" branch-rate="1" complexity="1">
              <lines>
                <line number="14" hits="88" branch="False" />
              </lines>
            </method>
            <method name="get_HttpForkedClientWithRetryBuilder" signature="()" line-rate="1" branch-rate="1" complexity="1">
              <lines>
                <line number="15" hits="88" branch="False" />
              </lines>
            </method>
          </methods>
          <lines>
            <line number="14" hits="88" branch="False" />
            <line number="15" hits="88" branch="False" />
          </lines>
        </class>
        <class name="BtmsGateway.Config.Environment" filename="Config/Environment.cs" line-rate="0.5" branch-rate="1" complexity="2">
          <methods>
            <method name="IsDevMode" signature="(Microsoft.AspNetCore.Builder.WebApplicationBuilder)" line-rate="1" branch-rate="1" complexity="1">
              <lines>
                <line number="5" hits="1" branch="False" />
              </lines>
            </method>
            <method name="IsDevMode" signature="(Microsoft.AspNetCore.Builder.WebApplication)" line-rate="0" branch-rate="1" complexity="1">
              <lines>
                <line number="7" hits="0" branch="False" />
              </lines>
            </method>
          </methods>
          <lines>
            <line number="5" hits="1" branch="False" />
            <line number="7" hits="0" branch="False" />
          </lines>
        </class>
      </classes>
    </package>
  </packages>
</coverage>